<?xml version="1.0" encoding="UTF-8"?>
<testsuite xmlns:xsi="http://www.w3.org/2001/XMLSchema-instance" xsi:noNamespaceSchemaLocation="https://maven.apache.org/surefire/maven-surefire-plugin/xsd/surefire-test-report-3.0.xsd" version="3.0" name="com.example.service.GreetingServiceTest" time="0.265" tests="3" errors="0" skipped="0" failures="0">
  <properties>
[...]
</properties>
  <testcase name="greet_withBlank_returnsDefault" classname="com.example.service.GreetingServiceTest" time="0.14"/>
  <testcase name="greet_withName_returnsGreeting" classname="com.example.service.GreetingServiceTest" time="0.023"/>
  <testcase name="greet_withNull_returnsDefault" classname="com.example.service.GreetingServiceTest" time="0.004"/>
</testsuite>